2026/02/26 13:52:38.592983 [INFO] 当前版本号:v0.13.9, 发布日期:2026-02-25 19:40:20
2026/02/26 13:52:38.593137 [INFO] 启动内嵌 PostgreSQL...
2026/02/26 13:52:38.593179 [INFO] 创建Postgres目录 /app/config/postgres 成功
2026/02/26 13:52:38.593215 [INFO] 创建Postgres数据目录 /app/config/postgres/data 成功
2026/02/26 13:52:38.593251 [INFO] 创建Postgres日志目录 /app/config/postgres/log 成功
2026/02/26 13:52:38.593284 [INFO] 创建Postgres临时目录 /app/config/postgres/tmp 成功
2026/02/26 13:52:38.594372 [INFO] 设置Postgres目录 /app/config/postgres 所有者为qms:qms成功
2026/02/26 13:52:38.595087 [INFO] 设置Postgres数据目录 /app/config/postgres/data 所有者为qms:qms成功
2026/02/26 13:52:38.595842 [INFO] 设置Postgres日志目录 /app/config/postgres/log 所有者为qms:qms成功
2026/02/26 13:52:38.596611 [INFO] 设置Postgres临时目录 /app/config/postgres/tmp 所有者为qms:qms成功
2026/02/26 13:52:39.897953 [INFO] 数据库初始化完成
2026/02/26 13:52:39.898132 [INFO] 检测到 Alpine Linux，使用 sysv 共享内存
2026/02/26 13:52:39.899114 [INFO] PostgreSQL 配置完成，共享内存类型: sysv
2026/02/26 13:52:39.899376 [INFO] PostgreSQL 进程已启动 (PID: 28)
2026/02/26 13:52:39.899484 [INFO] 等待 PostgreSQL 在 localhost:5432 启动...
2026/02/26 13:52:40.904410 [INFO] PostgreSQL 已就绪
2026/02/26 13:52:40.924949 [INFO] 创建数据库: qms
2026/02/26 13:52:41.014137 [INFO] 数据库创建成功
2026/02/26 13:52:41.014384 [INFO] 成功连接到嵌入式数据库
2026/02/26 13:52:41.026064 [INFO] 成功初始化数据库组件
2026/02/26 13:52:42.787062 [INFO] 初始化数据库版本表，当前版本为30
2026/02/26 13:52:42.795034 [INFO] 已默认添加配置
2026/02/26 13:52:42.803691 [INFO] 已默认添加管理员用户：admin 密码：admin123
2026/02/26 13:52:42.807127 [INFO] 已默认添加刮削设置
2026/02/26 13:52:42.809505 [INFO] 已默认添加外语电影分类
2026/02/26 13:52:42.812105 [INFO] 已默认添加华语电影分类
2026/02/26 13:52:42.814786 [INFO] 已默认添加动画电影分类
2026/02/26 13:52:42.817186 [INFO] 已默认添加其他剧分类
2026/02/26 13:52:42.819812 [INFO] 已默认添加国产剧分类
2026/02/26 13:52:42.821669 [INFO] 已默认添加欧美剧分类
2026/02/26 13:52:42.824458 [INFO] 已默认添加日韩泰剧分类
2026/02/26 13:52:42.827362 [INFO] 已默认添加国漫分类
2026/02/26 13:52:42.829294 [INFO] 已默认添加日番分类
2026/02/26 13:52:42.832085 [INFO] 已默认添加综艺分类
2026/02/26 13:52:42.835046 [INFO] 已默认添加纪录片分类
2026/02/26 13:52:42.835065 [INFO] 已完成数据库初始化
2026/02/26 13:52:42.835070 [INFO] 已完成数据库初始化
2026/02/26 13:52:42.845096 [INFO] 成功初始化内存缓存组件
2026/02/26 13:52:42.845270 [INFO] 事件总线已初始化
2026/02/26 13:52:42.845892 [INFO] 已加载配置，准备初始化115请求队列，线程数: 3
2026/02/26 13:52:42.846672 [INFO] 从数据库读取刮削设置成功
2026/02/26 13:52:42.848117 [INFO] 下载队列初始化完成，工作线程数 1
2026/02/26 13:52:42.848150 [INFO] 上传队列初始化完成，工作线程数 1
2026/02/26 13:52:42.850555 [INFO] 已加载 0 个通知渠道
2026/02/26 13:52:42.850622 [INFO] 正在启动所有通知渠道监听器...
2026/02/26 13:52:42.850645 [INFO] 成功启动 0 个后台监听器
2026/02/26 13:52:42.851583 [INFO] 已订阅同步事件: 115_token_invalid
2026/02/26 13:52:42.851713 [INFO] 已订阅同步事件: save_open_list_token
2026/02/26 13:52:42.857610 [INFO] 已创建默认备份配置
2026/02/26 13:52:42.859209 [INFO] 没有启用定时任务的同步目录
2026/02/26 13:52:42.859764 [INFO] 备份服务已初始化，备份目录: /app/config/backups
2026/02/26 13:52:42.860961 [INFO] 重置所有刮削目录状态成功
2026/02/26 13:52:42.863771 [INFO] 将全部整理中改为待整理状态成功
2026/02/26 13:52:42.864729 [INFO] 将全部整理中改为待整理状态成功
2026/02/26 13:52:42.866161 [INFO] 更新上传中的任务为待上传成功
2026/02/26 13:52:42.866924 [INFO] 更新下载中的任务为待下载成功
2026/02/26 13:52:42.866943 [INFO] 已订阅事件: backup_cron_event
2026/02/26 13:52:42.867571 [WARN] Emby302未配置Emby地址，跳过启动emby302服务
2026/02/26 13:52:43.355083 [INFO] 暂停所有任务队列
2026/02/26 13:52:43.355104 [INFO] 下载队列已停止
2026/02/26 13:52:43.355110 [INFO] 上传队列已停止
2026/02/26 13:52:43.355119 [INFO] 停止内嵌的 PostgreSQL...
2026/02/26 13:52:43.658514 [INFO] pg_ctl stop 输出: waiting for server to shut down.... done
server stopped
2026/02/26 13:52:46.346958 [INFO] 当前版本号:v0.13.9, 发布日期:2026-02-25 19:40:20
2026/02/26 13:52:46.347334 [INFO] 启动内嵌 PostgreSQL...
2026/02/26 13:52:46.362381 [INFO] 设置Postgres目录 /app/config/postgres 所有者为qms:qms成功
2026/02/26 13:52:46.392260 [INFO] 设置Postgres数据目录 /app/config/postgres/data 所有者为qms:qms成功
2026/02/26 13:52:46.393687 [INFO] 设置Postgres日志目录 /app/config/postgres/log 所有者为qms:qms成功
2026/02/26 13:52:46.394826 [INFO] 设置Postgres临时目录 /app/config/postgres/tmp 所有者为qms:qms成功
2026/02/26 13:52:46.394994 [INFO] 检测到 Alpine Linux，使用 sysv 共享内存
2026/02/26 13:52:46.396274 [INFO] PostgreSQL 配置完成，共享内存类型: sysv
2026/02/26 13:52:46.396858 [INFO] PostgreSQL 进程已启动 (PID: 22)
2026/02/26 13:52:46.397020 [INFO] 等待 PostgreSQL 在 localhost:5432 启动...
2026/02/26 13:52:47.412416 [INFO] PostgreSQL 已就绪
2026/02/26 13:52:47.427360 [INFO] 成功连接到嵌入式数据库
2026/02/26 13:52:47.430895 [INFO] 成功初始化数据库组件
2026/02/26 13:52:47.441643 [INFO] 数据库版本表已存在，跳过初始化数据库过程
2026/02/26 13:52:47.443417 [INFO] 当前数据库版本 30
2026/02/26 13:52:47.449395 [INFO] 成功初始化内存缓存组件
2026/02/26 13:52:47.449591 [INFO] 事件总线已初始化
2026/02/26 13:52:47.451599 [INFO] 已加载配置，准备初始化115请求队列，线程数: 3
2026/02/26 13:52:47.453507 [INFO] 从数据库读取刮削设置成功
2026/02/26 13:52:47.455890 [INFO] 下载队列初始化完成，工作线程数 1
2026/02/26 13:52:47.455938 [INFO] 上传队列初始化完成，工作线程数 1
2026/02/26 13:52:47.458846 [INFO] 已加载 0 个通知渠道
2026/02/26 13:52:47.458975 [INFO] 正在启动所有通知渠道监听器...
2026/02/26 13:52:47.459022 [INFO] 成功启动 0 个后台监听器
2026/02/26 13:52:47.460565 [INFO] 已订阅同步事件: 115_token_invalid
2026/02/26 13:52:47.460641 [INFO] 已订阅同步事件: save_open_list_token
2026/02/26 13:52:47.468202 [INFO] 没有启用定时任务的同步目录
2026/02/26 13:52:47.468726 [INFO] 备份服务已初始化，备份目录: /app/config/backups
2026/02/26 13:52:47.470635 [INFO] 重置所有刮削目录状态成功
2026/02/26 13:52:47.475234 [INFO] 将全部整理中改为待整理状态成功
2026/02/26 13:52:47.476003 [INFO] 将全部整理中改为待整理状态成功
2026/02/26 13:52:47.477955 [INFO] 更新上传中的任务为待上传成功
2026/02/26 13:52:47.478547 [INFO] 更新下载中的任务为待下载成功
2026/02/26 13:52:47.478563 [INFO] 已订阅事件: backup_cron_event
2026/02/26 13:52:47.478981 [WARN] Emby302未配置Emby地址，跳过启动emby302服务
2026/02/26 13:54:25.087811 [INFO] 使用提供的token创建openlist账号成功
2026/02/26 13:54:25.087837 [INFO] 创建openlist账号成功，用户ID：1，用户名：admin
2026/02/26 13:54:44.124088 [INFO] 开始获取OpenList目录列表, 父目录路径: 
2026/02/26 13:54:46.186074 [INFO] 开始获取OpenList目录列表, 父目录路径: /data
2026/02/26 13:54:47.828547 [INFO] 开始获取OpenList目录列表, 父目录路径: 
2026/02/26 13:55:40.397396 [INFO] 开始获取OpenList目录列表, 父目录路径: 
2026/02/26 13:55:42.203634 [INFO] 开始获取OpenList目录列表, 父目录路径: 
2026/02/26 14:00:00.012443 [INFO] 已清理24小时前的请求统计数据
2026/02/26 14:07:34.843561 [INFO] 暂停所有任务队列
2026/02/26 14:07:34.843610 [INFO] 下载队列已停止
2026/02/26 14:07:34.843617 [INFO] 上传队列已停止
2026/02/26 14:07:34.843626 [INFO] 停止内嵌的 PostgreSQL...
2026/02/26 14:07:34.946057 [INFO] pg_ctl stop 输出: waiting for server to shut down.... done
server stopped
